<?xml version="1.0" encoding="UTF-8"?>
<!-- Generated by org.testng.reporters.JUnitReportReporter -->
<testsuite hostname="DESKTOP-TJUD1B8" failures="0" tests="4"
	name="test.GroupingTestsAndAnnotations2" time="0.023" errors="0"
	timestamp="2025-01-25T18:49:56 IST" skipped="0">
	<testcase classname="test.GroupingTestsAndAnnotations2"
		name="test3" time="0.015" />
	<testcase classname="test.GroupingTestsAndAnnotations2"
		name="test4" time="0.002" />
	<testcase classname="test.GroupingTestsAndAnnotations2"
		name="test1" time="0.003" />
	<testcase classname="test.GroupingTestsAndAnnotations2"
		name="test2" time="0.003" />
</testsuite> <!-- test.GroupingTestsAndAnnotations2 -->
