<?xml version="1.0" encoding="UTF-8"?>
<!-- Generated by org.testng.reporters.JUnitReportReporter -->
<testsuite hostname="DESKTOP-TJUD1B8" failures="0" tests="3"
	name="test.SkipTest" time="0.020" errors="0"
	timestamp="2025-01-15T16:05:01 IST" skipped="3">
	<testcase classname="test.SkipTest" name="skipTest2"
		time="0.017">
		<skipped />
	</testcase> <!-- skipTest2 -->
	<system-out />
	<testcase classname="test.SkipTest" name="skipTest3"
		time="0.003">
		<skipped />
	</testcase> <!-- skipTest3 -->
	<system-out />
	<testcase classname="test.SkipTest" name="skipTest1">
		<skipped />
	</testcase> <!-- skipTest1 -->
	<system-out />
</testsuite> <!-- test.SkipTest -->
