<?xml version="1.0" encoding="UTF-8"?>
<!-- Generated by org.testng.reporters.JUnitReportReporter -->
<testsuite hostname="DESKTOP-TJUD1B8" failures="0" tests="10" name="testngnaveen.InvocationCountTest" time="0.044" errors="0" timestamp="2025-02-13T22:38:15 IST" skipped="0">
  <testcase classname="testngnaveen.InvocationCountTest" name="sum" time="0.008"/>
  <testcase classname="testngnaveen.InvocationCountTest" name="sum" time="0.002"/>
  <testcase classname="testngnaveen.InvocationCountTest" name="sum" time="0.003"/>
  <testcase classname="testngnaveen.InvocationCountTest" name="sum" time="0.002"/>
  <testcase classname="testngnaveen.InvocationCountTest" name="sum" time="0.004"/>
  <testcase classname="testngnaveen.InvocationCountTest" name="sum" time="0.003"/>
  <testcase classname="testngnaveen.InvocationCountTest" name="sum" time="0.003"/>
  <testcase classname="testngnaveen.InvocationCountTest" name="sum" time="0.016"/>
  <testcase classname="testngnaveen.InvocationCountTest" name="sum" time="0.002"/>
  <testcase classname="testngnaveen.InvocationCountTest" name="sum" time="0.001"/>
</testsuite> <!-- testngnaveen.InvocationCountTest -->
