<?xml version="1.0" encoding="UTF-8"?>
<!-- Generated by org.testng.reporters.JUnitReportReporter -->
<testsuite hostname="DESKTOP-TJUD1B8" failures="0" tests="1" name="com.parameters.ParameterTest" time="10.294" errors="0" timestamp="2025-01-29T00:07:04 IST" skipped="0">
  <testcase classname="com.parameters.ParameterTest" name="yahooLoginTest" time="10.294"/>
</testsuite> <!-- com.parameters.ParameterTest -->
