<?xml version="1.0" encoding="UTF-8"?>
<!-- Generated by org.testng.reporters.JUnitReportReporter -->
<testsuite hostname="DESKTOP-TJUD1B8" failures="0" tests="3"
	name="test.FirstTestCase" time="0.018" errors="0"
	timestamp="2025-01-23T22:56:53 IST" skipped="0">
	<testcase classname="test.FirstTestCase" name="openApp"
		time="0.014" />
	<testcase classname="test.FirstTestCase" name="login"
		time="0.003" />
	<testcase classname="test.FirstTestCase" name="logout"
		time="0.001" />
</testsuite> <!-- test.FirstTestCase -->
