<?xml version="1.0" encoding="UTF-8"?>
<!-- Generated by org.testng.reporters.JUnitReportReporter -->
<testsuite hostname="DESKTOP-TJUD1B8" failures="0" tests="3" name="testngnaveen.TestNGbasics" time="0.022" errors="0" timestamp="2025-02-13T22:37:15 IST" skipped="0">
  <testcase classname="testngnaveen.TestNGbasics" name="googleTitleTest" time="0.012"/>
  <testcase classname="testngnaveen.TestNGbasics" name="searchTest" time="0.004"/>
  <testcase classname="testngnaveen.TestNGbasics" name="googleLogoTest" time="0.006"/>
</testsuite> <!-- testngnaveen.TestNGbasics -->
