<?xml version="1.0" encoding="UTF-8"?>
<!-- Generated by org.testng.reporters.JUnitReportReporter -->
<testsuite hostname="DESKTOP-TJUD1B8" failures="0" tests="5"
	name="common.OrangeHRMTest" time="16.993" errors="0"
	timestamp="2025-01-24T00:46:28 IST" skipped="0">
	<testcase classname="common.OrangeHRMTest" name="openPage"
		time="9.004" />
	<testcase classname="common.OrangeHRMTest" name="testLogo"
		time="3.072" />
	<testcase classname="common.OrangeHRMTest" name="testLogin"
		time="1.500" />
	<testcase classname="common.OrangeHRMTest" name="testLogout"
		time="3.202" />
	<testcase classname="common.OrangeHRMTest" name="closePage"
		time="0.215" />
</testsuite> <!-- common.OrangeHRMTest -->
