<?xml version="1.0" encoding="UTF-8"?>
<!-- Generated by org.testng.reporters.JUnitReportReporter -->
<testsuite hostname="DESKTOP-TJUD1B8" failures="0" tests="3"
	name="combined.FirstTestCase" time="0.059" errors="0"
	timestamp="2025-01-26T11:57:25 IST" skipped="0">
	<testcase classname="combined.FirstTestCase" name="openApp"
		time="0.032" />
	<testcase classname="combined.FirstTestCase" name="login"
		time="0.020" />
	<testcase classname="combined.FirstTestCase" name="logout"
		time="0.007" />
</testsuite> <!-- combined.FirstTestCase -->
