<?xml version="1.0" encoding="UTF-8"?>
<!-- Generated by org.testng.reporters.JUnitReportReporter -->
<testsuite hostname="DESKTOP-TJUD1B8" failures="0" tests="2" name="testngnaveen.GoogleTitleTest" time="8.457" errors="0" timestamp="2025-01-28T23:36:39 IST" skipped="0">
  <testcase classname="testngnaveen.GoogleTitleTest" name="googleTitleTest" time="4.979"/>
  <testcase classname="testngnaveen.GoogleTitleTest" name="googleLogoTest" time="3.478"/>
</testsuite> <!-- testngnaveen.GoogleTitleTest -->
