<?xml version="1.0" encoding="UTF-8"?>
<!-- Generated by org.testng.reporters.JUnitReportReporter -->
<testsuite hostname="DESKTOP-TJUD1B8" failures="0" tests="4"
	name="test.OrderOfExecution" time="0.023" errors="0"
	timestamp="2025-01-15T16:03:43 IST" skipped="0">
	<testcase classname="test.OrderOfExecution" name="x"
		time="0.002" />
	<system-out />
	<testcase classname="test.OrderOfExecution" name="a"
		time="0.017" />
	<system-out />
	<testcase classname="test.OrderOfExecution" name="m"
		time="0.002" />
	<system-out />
	<testcase classname="test.OrderOfExecution" name="p"
		time="0.002" />
	<system-out />
</testsuite> <!-- test.OrderOfExecution -->
