<?xml version="1.0" encoding="UTF-8"?>
<!-- Generated by org.testng.reporters.JUnitReportReporter -->
<testsuite hostname="DESKTOP-TJUD1B8" failures="0" tests="8" name="test.GetDataFromClass" time="0.038" errors="0" timestamp="2025-02-06T13:20:21 IST" skipped="0">
  <testcase classname="test.GetDataFromClass" name="test" time="0.002"/>
  <testcase classname="test.GetDataFromClass" name="test" time="0.013"/>
  <testcase classname="test.GetDataFromClass" name="test" time="0.002"/>
  <testcase classname="test.GetDataFromClass" name="test1" time="0.003"/>
  <testcase classname="test.GetDataFromClass" name="test1" time="0.006"/>
  <testcase classname="test.GetDataFromClass" name="test" time="0.003"/>
  <testcase classname="test.GetDataFromClass" name="test1" time="0.007"/>
  <testcase classname="test.GetDataFromClass" name="test1" time="0.002"/>
</testsuite> <!-- test.GetDataFromClass -->
