<?xml version="1.0" encoding="UTF-8"?>
<!-- Generated by org.testng.reporters.JUnitReportReporter -->
<testsuite hostname="DESKTOP-TJUD1B8" failures="0" tests="1" name="testngnaveen.ExceptionTimeOutTest" time="0.003" errors="0" timestamp="2025-01-28T23:36:39 IST" skipped="0">
  <testcase classname="testngnaveen.ExceptionTimeOutTest" name="test1" time="0.003"/>
</testsuite> <!-- testngnaveen.ExceptionTimeOutTest -->
