<?xml version="1.0" encoding="UTF-8"?>
<!-- Generated by org.testng.reporters.JUnitReportReporter -->
<testsuite hostname="DESKTOP-TJUD1B8" failures="0" tests="2" name="test.LoginTest" time="0.022" errors="0" timestamp="2025-01-28T16:59:51 IST" skipped="0">
  <testcase classname="test.LoginTest" name="test1" time="0.013"/>
  <testcase classname="test.LoginTest" name="test2" time="0.009"/>
</testsuite> <!-- test.LoginTest -->
