<?xml version="1.0" encoding="UTF-8"?>
<!-- Generated by org.testng.reporters.JUnitReportReporter -->
<testsuite hostname="DESKTOP-TJUD1B8" failures="0" tests="1"
	name="test.ListenersDemoTest" time="3.229" errors="0"
	timestamp="2025-01-25T17:34:03 IST" skipped="0">
	<testcase classname="test.ListenersDemoTest" name="launchApp"
		time="3.229" />
</testsuite> <!-- test.ListenersDemoTest -->
