<?xml version="1.0" encoding="UTF-8"?>
<!-- Generated by org.testng.reporters.JUnitReportReporter -->
<testsuite hostname="DESKTOP-TJUD1B8" failures="0" tests="5"
	name="combined.OrangeHRMTest" time="18.324" errors="0"
	timestamp="2025-01-26T11:57:25 IST" skipped="0">
	<testcase classname="combined.OrangeHRMTest" name="openPage"
		time="11.160" />
	<testcase classname="combined.OrangeHRMTest" name="testLogo"
		time="3.167" />
	<testcase classname="combined.OrangeHRMTest" name="testLogin"
		time="0.333" />
	<testcase classname="combined.OrangeHRMTest" name="testLogout"
		time="3.471" />
	<testcase classname="combined.OrangeHRMTest" name="closePage"
		time="0.193" />
</testsuite> <!-- combined.OrangeHRMTest -->
