<?xml version="1.0" encoding="UTF-8"?>
<!-- Generated by org.testng.reporters.JUnitReportReporter -->
<testsuite hostname="DESKTOP-TJUD1B8" failures="0" tests="3"
	name="sdet.FirstTestCase" time="0.020" errors="0"
	timestamp="2025-01-24T00:24:54 IST" skipped="0">
	<testcase classname="sdet.FirstTestCase" name="openApp"
		time="0.016" />
	<testcase classname="sdet.FirstTestCase" name="login"
		time="0.002" />
	<testcase classname="sdet.FirstTestCase" name="logout"
		time="0.002" />
</testsuite> <!-- sdet.FirstTestCase -->
