<?xml version="1.0" encoding="UTF-8"?>
<!-- Generated by org.testng.reporters.JUnitReportReporter -->
<testsuite hostname="DESKTOP-TJUD1B8" failures="0" tests="5"
	name="sdet.OrangeHRMTest" time="14.046" errors="0"
	timestamp="2025-01-23T23:48:52 IST" skipped="0">
	<testcase classname="sdet.OrangeHRMTest" name="openPage"
		time="4.933" />
	<testcase classname="sdet.OrangeHRMTest" name="testLogo"
		time="3.062" />
	<testcase classname="sdet.OrangeHRMTest" name="testLogin"
		time="1.714" />
	<testcase classname="sdet.OrangeHRMTest" name="testLogout"
		time="3.279" />
	<testcase classname="sdet.OrangeHRMTest" name="closePage"
		time="1.058" />
</testsuite> <!-- sdet.OrangeHRMTest -->
