<?xml version="1.0" encoding="UTF-8"?>
<!-- Generated by org.testng.reporters.JUnitReportReporter -->
<testsuite hostname="DESKTOP-TJUD1B8" failures="0" tests="8" name="test.DataProviderTest" time="0.046" errors="0" timestamp="2025-02-06T13:19:07 IST" skipped="0">
  <testcase classname="test.DataProviderTest" name="test" time="0.003"/>
  <testcase classname="test.DataProviderTest" name="test" time="0.008"/>
  <testcase classname="test.DataProviderTest" name="test1" time="0.004"/>
  <testcase classname="test.DataProviderTest" name="test1" time="0.008"/>
  <testcase classname="test.DataProviderTest" name="test" time="0.015"/>
  <testcase classname="test.DataProviderTest" name="test1" time="0.003"/>
  <testcase classname="test.DataProviderTest" name="test1" time="0.002"/>
  <testcase classname="test.DataProviderTest" name="test" time="0.003"/>
</testsuite> <!-- test.DataProviderTest -->
