<?xml version="1.0" encoding="UTF-8"?>
<!-- Generated by org.testng.reporters.JUnitReportReporter -->
<testsuite hostname="DESKTOP-TJUD1B8" failures="0" tests="6" name="testngnaveen.GoogleTest" time="19.310" errors="0" timestamp="2025-01-28T23:36:39 IST" skipped="0">
  <testcase classname="testngnaveen.GoogleTest" name="googleTitleTest" time="2.755"/>
  <testcase classname="testngnaveen.GoogleTest" name="googleLogoTest" time="3.588"/>
  <testcase classname="testngnaveen.GoogleTest" name="googleGmailTest" time="2.861"/>
  <testcase classname="testngnaveen.GoogleTest" name="test1" time="4.672"/>
  <testcase classname="testngnaveen.GoogleTest" name="test3" time="2.806"/>
  <testcase classname="testngnaveen.GoogleTest" name="test2" time="2.628"/>
</testsuite> <!-- testngnaveen.GoogleTest -->
