<?xml version="1.0" encoding="UTF-8"?>
<!-- Generated by org.testng.reporters.JUnitReportReporter -->
<testsuite hostname="DESKTOP-TJUD1B8" failures="0" tests="4" name="testngnaveen.TestNgFeatures" time="0.023" errors="0" timestamp="2025-02-13T22:37:50 IST" skipped="0">
  <testcase classname="testngnaveen.TestNgFeatures" name="homePageTest" time="0.003"/>
  <testcase classname="testngnaveen.TestNgFeatures" name="reagPageTest" time="0.002"/>
  <testcase classname="testngnaveen.TestNgFeatures" name="searchPageTest" time="0.003"/>
  <testcase classname="testngnaveen.TestNgFeatures" name="loginTest" time="0.015"/>
</testsuite> <!-- testngnaveen.TestNgFeatures -->
